minRF: 0.045 minCS: 0.3 maxOR: 0.2 outfile ././outputs/synthetic/synthetic_0.045_0.3_0.2_synthetic_55K.txt
././outputs/synthetic/synthetic_0.045_0.3_0.2_synthetic_55K.txt
------sizeone-----
['368', '529', '829', '766', '354', '722', '684', '217', '692', '419', '494', '883', '120', '937', '177', '145']
data read 0.148894
length 1 16
length 2 120
length 3 533
length 4 1408
length 5 1599
length 6 417
length 7 7
process done 325.314193
minRF: 0.045 minCS: 0.3 maxOR: 0.2 outfile ././outputs/synthetic/synthetic_0.045_0.3_0.2_synthetic_60K.txt
././outputs/synthetic/synthetic_0.045_0.3_0.2_synthetic_60K.txt
------sizeone-----
['368', '529', '829', '766', '354', '722', '684', '217', '692', '494', '883', '419', '120', '937', '177', '145']
data read 0.162991
length 1 16
length 2 120
length 3 534
length 4 1407
length 5 1581
length 6 379
length 7 3
process done 369.284726
minRF: 0.045 minCS: 0.3 maxOR: 0.2 outfile ././outputs/synthetic/synthetic_0.045_0.3_0.2_synthetic_65K.txt
././outputs/synthetic/synthetic_0.045_0.3_0.2_synthetic_65K.txt
------sizeone-----
['368', '529', '829', '766', '354', '722', '684', '217', '692', '494', '419', '883', '120', '177', '937', '145']
data read 0.176058
length 1 16
length 2 120
length 3 534
length 4 1398
length 5 1588
length 6 408
length 7 6
process done 372.744295
minRF: 0.045 minCS: 0.3 maxOR: 0.2 outfile ././outputs/synthetic/synthetic_0.045_0.3_0.2_synthetic_70K.txt
././outputs/synthetic/synthetic_0.045_0.3_0.2_synthetic_70K.txt
------sizeone-----
['368', '529', '829', '766', '354', '722', '684', '217', '692', '494', '419', '120', '883', '177', '937', '145']
data read 0.189503
length 1 16
length 2 120
length 3 537
length 4 1404
length 5 1614
length 6 423
length 7 11
process done 410.381393
minRF: 0.045 minCS: 0.3 maxOR: 0.2 outfile ././outputs/synthetic/synthetic_0.045_0.3_0.2_synthetic_75K.txt
././outputs/synthetic/synthetic_0.045_0.3_0.2_synthetic_75K.txt
------sizeone-----
['368', '529', '829', '766', '722', '354', '217', '684', '494', '692', '419', '120', '883', '937', '177', '145']
data read 0.204224
length 1 16
length 2 120
length 3 536
length 4 1406
length 5 1545
length 6 349
length 7 8
process done 423.287912
minRF: 0.045 minCS: 0.3 maxOR: 0.2 outfile ././outputs/synthetic/synthetic_0.045_0.3_0.2_synthetic_80K.txt
././outputs/synthetic/synthetic_0.045_0.3_0.2_synthetic_80K.txt
------sizeone-----
['368', '529', '829', '766', '722', '354', '217', '684', '494', '419', '692', '120', '883', '937', '177', '145', '438']
data read 0.217023
length 1 17
length 2 136
length 3 637
length 4 1763
length 5 2073
length 6 538
length 7 10
process done 586.822349
minRF: 0.045 minCS: 0.3 maxOR: 0.2 outfile ././outputs/synthetic/synthetic_0.045_0.3_0.2_synthetic_85K.txt
././outputs/synthetic/synthetic_0.045_0.3_0.2_synthetic_85K.txt
------sizeone-----
['368', '529', '829', '766', '722', '354', '684', '217', '494', '419', '692', '120', '883', '937', '177', '438', '145']
data read 0.22961
length 1 17
length 2 136
length 3 638
length 4 1772
length 5 2056
length 6 514
length 7 9
process done 625.826897
minRF: 0.045 minCS: 0.3 maxOR: 0.2 outfile ././outputs/synthetic/synthetic_0.045_0.3_0.2_synthetic_90K.txt
././outputs/synthetic/synthetic_0.045_0.3_0.2_synthetic_90K.txt
------sizeone-----
['368', '529', '829', '766', '354', '722', '684', '217', '494', '419', '692', '120', '883', '937', '177', '438', '145']
data read 0.242565
length 1 17
length 2 136
length 3 640
length 4 1780
length 5 2077
length 6 515
length 7 9
process done 674.146125
minRF: 0.045 minCS: 0.3 maxOR: 0.2 outfile ././outputs/synthetic/synthetic_0.045_0.3_0.2_synthetic_95K.txt
././outputs/synthetic/synthetic_0.045_0.3_0.2_synthetic_95K.txt
------sizeone-----
['368', '529', '829', '766', '722', '354', '684', '217', '494', '419', '692', '120', '883', '937', '177', '145', '438']
data read 0.255553
length 1 17
length 2 136
length 3 639
length 4 1784
length 5 2111
length 6 556
length 7 9
process done 705.611208
minRF: 0.045 minCS: 0.3 maxOR: 0.2 outfile ././outputs/synthetic/synthetic_0.045_0.3_0.2_synthetic_100K.txt
././outputs/synthetic/synthetic_0.045_0.3_0.2_synthetic_100K.txt
------sizeone-----
['368', '529', '829', '766', '722', '354', '684', '217', '494', '419', '692', '120', '883', '937', '177', '145', '438']
data read 0.270577
length 1 17
length 2 136
length 3 639
length 4 1782
length 5 2107
length 6 556
length 7 9
process done 736.845329
minRF: 0.045 minCS: 0.3 maxOR: 0.05 outfile ././outputs/synthetic/synthetic_0.045_0.3_0.05_synthetic_75K.txt
././outputs/synthetic/synthetic_0.045_0.3_0.05_synthetic_75K.txt
------sizeone-----
['368', '529', '829', '766', '722', '354', '217', '684', '494', '692', '419', '120', '883', '937', '177', '145']
data read 0.196684
length 1 16
length 2 57
process done 10.669971
minRF: 0.045 minCS: 0.3 maxOR: 0.1 outfile ././outputs/synthetic/synthetic_0.045_0.3_0.1_synthetic_75K.txt
././outputs/synthetic/synthetic_0.045_0.3_0.1_synthetic_75K.txt
------sizeone-----
['368', '529', '829', '766', '722', '354', '217', '684', '494', '692', '419', '120', '883', '937', '177', '145']
data read 0.196832
length 1 16
length 2 110
length 3 229
length 4 21
process done 46.782563
minRF: 0.045 minCS: 0.3 maxOR: 0.15 outfile ././outputs/synthetic/synthetic_0.045_0.3_0.15_synthetic_75K.txt
././outputs/synthetic/synthetic_0.045_0.3_0.15_synthetic_75K.txt
------sizeone-----
['368', '529', '829', '766', '722', '354', '217', '684', '494', '692', '419', '120', '883', '937', '177', '145']
data read 0.196204
length 1 16
length 2 116
length 3 462
length 4 688
length 5 156
process done 151.317406
minRF: 0.045 minCS: 0.3 maxOR: 0.2 outfile ././outputs/synthetic/synthetic_0.045_0.3_0.2_synthetic_75K.txt
././outputs/synthetic/synthetic_0.045_0.3_0.2_synthetic_75K.txt
------sizeone-----
['368', '529', '829', '766', '722', '354', '217', '684', '494', '692', '419', '120', '883', '937', '177', '145']
data read 0.196542
length 1 16
length 2 120
length 3 536
length 4 1406
length 5 1545
length 6 349
length 7 8
process done 407.945452
minRF: 0.045 minCS: 0.3 maxOR: 0.25 outfile ././outputs/synthetic/synthetic_0.045_0.3_0.25_synthetic_75K.txt
././outputs/synthetic/synthetic_0.045_0.3_0.25_synthetic_75K.txt
------sizeone-----
['368', '529', '829', '766', '722', '354', '217', '684', '494', '692', '419', '120', '883', '937', '177', '145']
data read 0.196219
length 1 16
length 2 120
length 3 557
length 4 1723
length 5 3322
length 6 3160
length 7 658
length 8 25
process done 966.798332
minRF: 0.045 minCS: 0.3 maxOR: 0.3 outfile ././outputs/synthetic/synthetic_0.045_0.3_0.3_synthetic_75K.txt
././outputs/synthetic/synthetic_0.045_0.3_0.3_synthetic_75K.txt
------sizeone-----
['368', '529', '829', '766', '722', '354', '217', '684', '494', '692', '419', '120', '883', '937', '177', '145']
data read 0.195698
length 1 16
length 2 120
length 3 560
length 4 1813
length 5 4167
length 6 6312
length 7 5299
length 8 1238
length 9 33
process done 2120.386751
minRF: 0.045 minCS: 0.3 maxOR: 0.2 outfile ././outputs/synthetic/synthetic_0.045_0.3_0.2_synthetic_75K.txt
././outputs/synthetic/synthetic_0.045_0.3_0.2_synthetic_75K.txt
------sizeone-----
['368', '529', '829', '766', '722', '354', '217', '684', '494', '692', '419', '120', '883', '937', '177', '145']
data read 0.197971
length 1 16
length 2 120
length 3 536
length 4 1406
length 5 1545
length 6 349
length 7 8
process done 411.038895
minRF: 0.0475 minCS: 0.3 maxOR: 0.2 outfile ././outputs/synthetic/synthetic_0.0475_0.3_0.2_synthetic_75K.txt
././outputs/synthetic/synthetic_0.0475_0.3_0.2_synthetic_75K.txt
------sizeone-----
['368', '529', '829', '766', '722', '354', '217', '684', '494', '692', '419', '120', '883']
data read 0.195868
length 1 13
length 2 78
length 3 268
length 4 512
length 5 400
length 6 43
process done 110.81435
minRF: 0.05 minCS: 0.3 maxOR: 0.2 outfile ././outputs/synthetic/synthetic_0.05_0.3_0.2_synthetic_75K.txt
././outputs/synthetic/synthetic_0.05_0.3_0.2_synthetic_75K.txt
------sizeone-----
['368', '529', '829', '766', '722', '354', '217', '684', '494', '692', '419', '120']
data read 0.195637
length 1 12
length 2 66
length 3 203
length 4 357
length 5 252
length 6 27
process done 71.153046
minRF: 0.0525 minCS: 0.3 maxOR: 0.2 outfile ././outputs/synthetic/synthetic_0.0525_0.3_0.2_synthetic_75K.txt
././outputs/synthetic/synthetic_0.0525_0.3_0.2_synthetic_75K.txt
------sizeone-----
['368', '529', '829', '766', '722', '354', '217', '684']
data read 0.196044
length 1 8
length 2 28
length 3 55
length 4 47
length 5 4
process done 9.503463
minRF: 0.055 minCS: 0.3 maxOR: 0.2 outfile ././outputs/synthetic/synthetic_0.055_0.3_0.2_synthetic_75K.txt
././outputs/synthetic/synthetic_0.055_0.3_0.2_synthetic_75K.txt
------sizeone-----
['368', '529', '829', '766', '722', '354']
data read 0.196569
length 1 6
length 2 15
length 3 19
length 4 12
process done 3.027806
minRF: 0.0575 minCS: 0.3 maxOR: 0.2 outfile ././outputs/synthetic/synthetic_0.0575_0.3_0.2_synthetic_75K.txt
././outputs/synthetic/synthetic_0.0575_0.3_0.2_synthetic_75K.txt
------sizeone-----
['368', '529', '829', '766', '722', '354']
data read 0.196005
length 1 6
length 2 15
length 3 19
length 4 12
process done 3.040329
minRF: 0.06 minCS: 0.3 maxOR: 0.2 outfile ././outputs/synthetic/synthetic_0.06_0.3_0.2_synthetic_75K.txt
././outputs/synthetic/synthetic_0.06_0.3_0.2_synthetic_75K.txt
------sizeone-----
['368', '529', '829', '766']
data read 0.196367
length 1 4
length 2 6
length 3 3
process done 0.888554
